<?xml version="1.0" encoding="UTF-8"?>
<testsuite xmlns:xsi="http://www.w3.org/2001/XMLSchema-instance" xsi:noNamespaceSchemaLocation="https://maven.apache.org/surefire/maven-surefire-plugin/xsd/surefire-test-report.xsd" version="3.0.2" name="com.hitorro.retrieval.StreamPipelineTest" time="0.013" tests="3" errors="0" skipped="0" failures="0">
  <properties>
[...]
</properties>
  <testcase name="resultProvidesStream" classname="com.hitorro.retrieval.StreamPipelineTest" time="0.004"/>
  <testcase name="builderAcceptsStreamStage" classname="com.hitorro.retrieval.StreamPipelineTest" time="0.005"/>
  <testcase name="streamRetrieverFilters" classname="com.hitorro.retrieval.StreamPipelineTest" time="0.004"/>
</testsuite>